<?xml version="1.0" encoding="UTF-8"?>
<testng-results ignored="0" total="2" passed="2" failed="0" skipped="0">
  <reporter-output>
  </reporter-output>
  <suite started-at="2025-05-12T11:48:07 IST" name="Suite" finished-at="2025-05-12T11:48:23 IST" duration-ms="15771">
    <groups>
    </groups>
    <test started-at="2025-05-12T11:48:07 IST" name="ChromeTest" finished-at="2025-05-12T11:48:16 IST" duration-ms="8389">
      <class name="com.actitime.testcases.TC1_ActitimeLogin">
        <test-method is-config="true" signature="setup(java.lang.String)[pri:0, instance:com.actitime.testcases.TC1_ActitimeLogin@1c5920df]" started-at="2025-05-12T11:48:07 IST" name="setup" finished-at="2025-05-12T11:48:15 IST" duration-ms="7172" status="PASS">
          <params>
            <param index="0">
              <value>
                <![CDATA[CHROME]]>
              </value>
            </param>
          </params>
          <reporter-output>
          </reporter-output>
        </test-method> <!-- setup -->
        <test-method signature="login()[pri:0, instance:com.actitime.testcases.TC1_ActitimeLogin@1c5920df]" started-at="2025-05-12T11:48:15 IST" name="login" finished-at="2025-05-12T11:48:15 IST" duration-ms="874" status="PASS">
          <reporter-output>
          </reporter-output>
        </test-method> <!-- login -->
        <test-method is-config="true" signature="teardown()[pri:0, instance:com.actitime.testcases.TC1_ActitimeLogin@1c5920df]" started-at="2025-05-12T11:48:15 IST" name="teardown" finished-at="2025-05-12T11:48:16 IST" duration-ms="293" status="PASS">
          <reporter-output>
          </reporter-output>
        </test-method> <!-- teardown -->
      </class> <!-- com.actitime.testcases.TC1_ActitimeLogin -->
    </test> <!-- ChromeTest -->
    <test started-at="2025-05-12T11:48:16 IST" name="EdgeTest" finished-at="2025-05-12T11:48:23 IST" duration-ms="7352">
      <class name="com.actitime.testcases.TC1_ActitimeLogin">
        <test-method is-config="true" signature="path()[pri:0, instance:com.actitime.testcases.TC1_ActitimeLogin@1033576a]" started-at="2025-05-12T11:48:07 IST" name="path" finished-at="2025-05-12T11:48:07 IST" duration-ms="45" status="PASS">
          <reporter-output>
          </reporter-output>
        </test-method> <!-- path -->
        <test-method is-config="true" signature="setup(java.lang.String)[pri:0, instance:com.actitime.testcases.TC1_ActitimeLogin@1033576a]" started-at="2025-05-12T11:48:16 IST" name="setup" finished-at="2025-05-12T11:48:21 IST" duration-ms="5613" status="PASS">
          <params>
            <param index="0">
              <value>
                <![CDATA[EDGE]]>
              </value>
            </param>
          </params>
          <reporter-output>
          </reporter-output>
        </test-method> <!-- setup -->
        <test-method signature="login()[pri:0, instance:com.actitime.testcases.TC1_ActitimeLogin@1033576a]" started-at="2025-05-12T11:48:21 IST" name="login" finished-at="2025-05-12T11:48:22 IST" duration-ms="330" status="PASS">
          <reporter-output>
          </reporter-output>
        </test-method> <!-- login -->
        <test-method is-config="true" signature="teardown()[pri:0, instance:com.actitime.testcases.TC1_ActitimeLogin@1033576a]" started-at="2025-05-12T11:48:22 IST" name="teardown" finished-at="2025-05-12T11:48:23 IST" duration-ms="1405" status="PASS">
          <reporter-output>
          </reporter-output>
        </test-method> <!-- teardown -->
      </class> <!-- com.actitime.testcases.TC1_ActitimeLogin -->
    </test> <!-- EdgeTest -->
  </suite> <!-- Suite -->
</testng-results>
