<?xml version="1.0" encoding="UTF-8"?>
<!-- Generated by org.testng.reporters.JUnitReportReporter -->
<testsuite hostname="DESKTOP-56C0EHH" failures="0" tests="2" name="com.actitime.testcases.TC1_ActitimeLogin" time="1.316" errors="0" timestamp="2025-05-13T11:46:24 IST" skipped="0">
  <testcase classname="com.actitime.testcases.TC1_ActitimeLogin" name="login" time="0.901"/>
  <testcase classname="com.actitime.testcases.TC1_ActitimeLogin" name="login" time="0.415"/>
</testsuite> <!-- com.actitime.testcases.TC1_ActitimeLogin -->
